<?xml version="1.0" encoding="UTF-8"?>
<!-- Generated by org.testng.reporters.JUnitReportReporter -->
<testsuite hostname="LAPTOP-RT8ROG2F" failures="0" tests="2" name="testcases.HomeLoantest" time="0.006" errors="0" timestamp="16 Apr 2023 04:05:56 GMT" skipped="0">
  <testcase classname="testcases.HomeLoantest" name="test2" time="0.004"/>
  <testcase classname="testcases.HomeLoantest" name="test1" time="0.002"/>
</testsuite> <!-- testcases.HomeLoantest -->
