<?xml version="1.0" encoding="UTF-8"?>
<!-- Generated by org.testng.reporters.JUnitReportReporter -->
<testsuite hostname="LAPTOP-RT8ROG2F" failures="0" tests="1" name="testcases.CreditCard" time="0.003" errors="0" timestamp="16 Apr 2023 03:51:02 GMT" skipped="0">
  <testcase classname="testcases.CreditCard" name="test4" time="0.003"/>
</testsuite> <!-- testcases.CreditCard -->
