<?xml version="1.0" encoding="UTF-8"?>
<!-- Generated by org.testng.reporters.JUnitReportReporter -->
<testsuite skipped="0" hostname="LAPTOP-RT8ROG2F" name="testcases.CreditCard" tests="1" failures="0" timestamp="16 Apr 2023 04:48:10 GMT" time="0.001" errors="0">
  <testcase name="test4" time="0.001" classname="testcases.CreditCard"/>
</testsuite> <!-- testcases.CreditCard -->
